\BOOKMARK [0][-]{chapter.1}{\376\377\0001\000\040\000C\000o\000d\000e\000-\000g\000u\000i\000d\000e\000\040\000f\000o\000r\000\040\000s\000o\000l\000v\000e\000r\000\040\000p\000h\000a\000s\000e\000F\000i\000e\000l\000d\000D\000y\000n\000a\000m\000i\000c}{}% 1
\BOOKMARK [1][-]{section.1.1}{\376\377\0001\000.\0001\000\040\000C\000o\000m\000p\000i\000l\000i\000n\000g\000\040\000t\000h\000e\000\040\000s\000o\000l\000v\000e\000r}{chapter.1}% 2
\BOOKMARK [1][-]{section.1.2}{\376\377\0001\000.\0002\000\040\000F\000u\000r\000t\000h\000e\000r\000\040\000d\000e\000t\000a\000i\000l\000s}{chapter.1}% 3
\BOOKMARK [0][-]{chapter.2}{\376\377\0002\000\040\000F\000i\000l\000e\000\040\000I\000n\000d\000e\000x}{}% 4
\BOOKMARK [1][-]{section.2.1}{\376\377\0002\000.\0001\000\040\000F\000i\000l\000e\000\040\000L\000i\000s\000t}{chapter.2}% 5
\BOOKMARK [0][-]{chapter.3}{\376\377\0003\000\040\000F\000i\000l\000e\000\040\000D\000o\000c\000u\000m\000e\000n\000t\000a\000t\000i\000o\000n}{}% 6
\BOOKMARK [1][-]{section.3.1}{\376\377\0003\000.\0001\000\040\000P\000h\000a\000s\000e\000F\000i\000e\000l\000d\000S\000o\000l\000v\000e\000r\000D\000y\000n\000a\000m\000i\000c\000/\000p\000h\000a\000s\000e\000F\000i\000e\000l\000d\000S\000o\000l\000v\000e\000r\000D\000y\000n\000a\000m\000i\000c\000/\000a\000l\000p\000h\000a\000E\000q\000n\000.\000H\000\040\000F\000i\000l\000e\000\040\000R\000e\000f\000e\000r\000e\000n\000c\000e}{chapter.3}% 7
\BOOKMARK [2][-]{subsection.3.1.1}{\376\377\0003\000.\0001\000.\0001\000\040\000F\000u\000n\000c\000t\000i\000o\000n\000\040\000D\000o\000c\000u\000m\000e\000n\000t\000a\000t\000i\000o\000n}{section.3.1}% 8
\BOOKMARK [3][-]{subsubsection.3.1.1.1}{\376\377\0003\000.\0001\000.\0001\000.\0001\000\040\000o\000b\000j\000\050\000\051}{subsection.3.1.1}% 9
\BOOKMARK [3][-]{subsubsection.3.1.1.2}{\376\377\0003\000.\0001\000.\0001\000.\0002\000\040\000r\000a\000n\000d\000N\000u\000m\000b\000e\000r\000\050\000\051}{subsection.3.1.1}% 10
\BOOKMARK [3][-]{subsubsection.3.1.1.3}{\376\377\0003\000.\0001\000.\0001\000.\0003\000\040\000a\000l\000p\000h\000a\000E\000q\000n\000\050\000\051}{subsection.3.1.1}% 11
\BOOKMARK [3][-]{subsubsection.3.1.1.4}{\376\377\0003\000.\0001\000.\0001\000.\0004\000\040\000s\000o\000l\000v\000e\000\050\000\051}{subsection.3.1.1}% 12
\BOOKMARK [3][-]{subsubsection.3.1.1.5}{\376\377\0003\000.\0001\000.\0001\000.\0005\000\040\000m\000u\000E\000q\000n\000\050\000\051}{subsection.3.1.1}% 13
\BOOKMARK [2][-]{subsection.3.1.2}{\376\377\0003\000.\0001\000.\0002\000\040\000V\000a\000r\000i\000a\000b\000l\000e\000\040\000D\000o\000c\000u\000m\000e\000n\000t\000a\000t\000i\000o\000n}{section.3.1}% 14
\BOOKMARK [3][-]{subsubsection.3.1.2.1}{\376\377\0003\000.\0001\000.\0002\000.\0001\000\040\000n}{subsection.3.1.2}% 15
\BOOKMARK [1][-]{section.3.2}{\376\377\0003\000.\0002\000\040\000P\000h\000a\000s\000e\000F\000i\000e\000l\000d\000S\000o\000l\000v\000e\000r\000D\000y\000n\000a\000m\000i\000c\000/\000p\000h\000a\000s\000e\000F\000i\000e\000l\000d\000S\000o\000l\000v\000e\000r\000D\000y\000n\000a\000m\000i\000c\000/\000c\000o\000r\000r\000e\000c\000t\000P\000h\000i\000.\000H\000\040\000F\000i\000l\000e\000\040\000R\000e\000f\000e\000r\000e\000n\000c\000e}{chapter.3}% 16
\BOOKMARK [2][-]{subsection.3.2.1}{\376\377\0003\000.\0002\000.\0001\000\040\000F\000u\000n\000c\000t\000i\000o\000n\000\040\000D\000o\000c\000u\000m\000e\000n\000t\000a\000t\000i\000o\000n}{section.3.2}% 17
\BOOKMARK [3][-]{subsubsection.3.2.1.1}{\376\377\0003\000.\0002\000.\0001\000.\0001\000\040\000s\000u\000r\000f\000a\000c\000e\000S\000c\000a\000l\000a\000r\000F\000i\000e\000l\000d\000\050\000\051\000\040\000[\0001\000/\0002\000]}{subsection.3.2.1}% 18
\BOOKMARK [3][-]{subsubsection.3.2.1.2}{\376\377\0003\000.\0002\000.\0001\000.\0002\000\040\000s\000u\000r\000f\000a\000c\000e\000S\000c\000a\000l\000a\000r\000F\000i\000e\000l\000d\000\050\000\051\000\040\000[\0002\000/\0002\000]}{subsection.3.2.1}% 19
\BOOKMARK [3][-]{subsubsection.3.2.1.3}{\376\377\0003\000.\0002\000.\0001\000.\0003\000\040\000g\000e\000o\000m\000e\000t\000r\000i\000c\000Z\000e\000r\000o\000F\000i\000e\000l\000d\000\050\000\051}{subsection.3.2.1}% 20
\BOOKMARK [1][-]{section.3.3}{\376\377\0003\000.\0003\000\040\000P\000h\000a\000s\000e\000F\000i\000e\000l\000d\000S\000o\000l\000v\000e\000r\000D\000y\000n\000a\000m\000i\000c\000/\000p\000h\000a\000s\000e\000F\000i\000e\000l\000d\000S\000o\000l\000v\000e\000r\000D\000y\000n\000a\000m\000i\000c\000/\000c\000r\000e\000a\000t\000e\000F\000i\000e\000l\000d\000s\000.\000H\000\040\000F\000i\000l\000e\000\040\000R\000e\000f\000e\000r\000e\000n\000c\000e}{chapter.3}% 21
\BOOKMARK [2][-]{subsection.3.3.1}{\376\377\0003\000.\0003\000.\0001\000\040\000F\000u\000n\000c\000t\000i\000o\000n\000\040\000D\000o\000c\000u\000m\000e\000n\000t\000a\000t\000i\000o\000n}{section.3.3}% 22
\BOOKMARK [3][-]{subsubsection.3.3.1.1}{\376\377\0003\000.\0003\000.\0001\000.\0001\000\040\000p\000h\000i\000\050\000\051}{subsection.3.3.1}% 23
\BOOKMARK [3][-]{subsubsection.3.3.1.2}{\376\377\0003\000.\0003\000.\0001\000.\0002\000\040\000m\000u\000\050\000\051}{subsection.3.3.1}% 24
\BOOKMARK [1][-]{section.3.4}{\376\377\0003\000.\0004\000\040\000P\000h\000a\000s\000e\000F\000i\000e\000l\000d\000S\000o\000l\000v\000e\000r\000D\000y\000n\000a\000m\000i\000c\000/\000p\000h\000a\000s\000e\000F\000i\000e\000l\000d\000S\000o\000l\000v\000e\000r\000D\000y\000n\000a\000m\000i\000c\000/\000d\000A\000d\000g\000r\000a\000d\000P\000h\000i\000M\000o\000d\000.\000H\000\040\000F\000i\000l\000e\000\040\000R\000e\000f\000e\000r\000e\000n\000c\000e}{chapter.3}% 25
\BOOKMARK [2][-]{subsection.3.4.1}{\376\377\0003\000.\0004\000.\0001\000\040\000V\000a\000r\000i\000a\000b\000l\000e\000\040\000D\000o\000c\000u\000m\000e\000n\000t\000a\000t\000i\000o\000n}{section.3.4}% 26
\BOOKMARK [3][-]{subsubsection.3.4.1.1}{\376\377\0003\000.\0004\000.\0001\000.\0001\000\040\000q}{subsection.3.4.1}% 27
\BOOKMARK [1][-]{section.3.5}{\376\377\0003\000.\0005\000\040\000P\000h\000a\000s\000e\000F\000i\000e\000l\000d\000S\000o\000l\000v\000e\000r\000D\000y\000n\000a\000m\000i\000c\000/\000p\000h\000a\000s\000e\000F\000i\000e\000l\000d\000S\000o\000l\000v\000e\000r\000D\000y\000n\000a\000m\000i\000c\000/\000i\000n\000f\000o\000.\000m\000d\000\040\000F\000i\000l\000e\000\040\000R\000e\000f\000e\000r\000e\000n\000c\000e}{chapter.3}% 28
\BOOKMARK [1][-]{section.3.6}{\376\377\0003\000.\0006\000\040\000P\000h\000a\000s\000e\000F\000i\000e\000l\000d\000S\000o\000l\000v\000e\000r\000D\000y\000n\000a\000m\000i\000c\000/\000p\000h\000a\000s\000e\000F\000i\000e\000l\000d\000S\000o\000l\000v\000e\000r\000D\000y\000n\000a\000m\000i\000c\000/\000p\000h\000a\000s\000e\000F\000i\000e\000l\000d\000D\000y\000n\000a\000m\000i\000c\000.\000C\000\040\000F\000i\000l\000e\000\040\000R\000e\000f\000e\000r\000e\000n\000c\000e}{chapter.3}% 29
\BOOKMARK [2][-]{subsection.3.6.1}{\376\377\0003\000.\0006\000.\0001\000\040\000F\000u\000n\000c\000t\000i\000o\000n\000\040\000D\000o\000c\000u\000m\000e\000n\000t\000a\000t\000i\000o\000n}{section.3.6}% 30
\BOOKMARK [3][-]{subsubsection.3.6.1.1}{\376\377\0003\000.\0006\000.\0001\000.\0001\000\040\000m\000a\000i\000n\000\050\000\051}{subsection.3.6.1}% 31
\BOOKMARK [1][-]{section.3.7}{\376\377\0003\000.\0007\000\040\000P\000h\000a\000s\000e\000F\000i\000e\000l\000d\000S\000o\000l\000v\000e\000r\000D\000y\000n\000a\000m\000i\000c\000/\000p\000h\000a\000s\000e\000F\000i\000e\000l\000d\000S\000o\000l\000v\000e\000r\000D\000y\000n\000a\000m\000i\000c\000/\000p\000r\000e\000A\000l\000a\000n\000.\000H\000\040\000F\000i\000l\000e\000\040\000R\000e\000f\000e\000r\000e\000n\000c\000e}{chapter.3}% 32
\BOOKMARK [2][-]{subsection.3.7.1}{\376\377\0003\000.\0007\000.\0001\000\040\000F\000u\000n\000c\000t\000i\000o\000n\000\040\000D\000o\000c\000u\000m\000e\000n\000t\000a\000t\000i\000o\000n}{section.3.7}% 33
\BOOKMARK [3][-]{subsubsection.3.7.1.1}{\376\377\0003\000.\0007\000.\0001\000.\0001\000\040\000a\000l\000p\000h\000a\0001\000E\000q\000n\000\050\000\051}{subsection.3.7.1}% 34
\BOOKMARK [3][-]{subsubsection.3.7.1.2}{\376\377\0003\000.\0007\000.\0001\000.\0002\000\040\000s\000o\000l\000v\000e\000\050\000\051}{subsection.3.7.1}% 35
\BOOKMARK [1][-]{section.3.8}{\376\377\0003\000.\0008\000\040\000P\000h\000a\000s\000e\000F\000i\000e\000l\000d\000S\000o\000l\000v\000e\000r\000D\000y\000n\000a\000m\000i\000c\000/\000p\000h\000a\000s\000e\000F\000i\000e\000l\000d\000S\000o\000l\000v\000e\000r\000D\000y\000n\000a\000m\000i\000c\000/\000r\000e\000a\000d\000T\000r\000a\000n\000s\000p\000o\000r\000t\000P\000r\000o\000p\000e\000r\000t\000i\000e\000s\000.\000H\000\040\000F\000i\000l\000e\000\040\000R\000e\000f\000e\000r\000e\000n\000c\000e}{chapter.3}% 36
\BOOKMARK [2][-]{subsection.3.8.1}{\376\377\0003\000.\0008\000.\0001\000\040\000F\000u\000n\000c\000t\000i\000o\000n\000\040\000D\000o\000c\000u\000m\000e\000n\000t\000a\000t\000i\000o\000n}{section.3.8}% 37
\BOOKMARK [3][-]{subsubsection.3.8.1.1}{\376\377\0003\000.\0008\000.\0001\000.\0001\000\040\000t\000r\000a\000n\000s\000p\000o\000r\000t\000P\000r\000o\000p\000e\000r\000t\000i\000e\000s\000\050\000\051}{subsection.3.8.1}% 38
\BOOKMARK [3][-]{subsubsection.3.8.1.2}{\376\377\0003\000.\0008\000.\0001\000.\0002\000\040\000d\000i\000m\000t\000\050\000\051}{subsection.3.8.1}% 39
\BOOKMARK [3][-]{subsubsection.3.8.1.3}{\376\377\0003\000.\0008\000.\0001\000.\0003\000\040\000d\000i\000m\000x\000\050\000\051}{subsection.3.8.1}% 40
\BOOKMARK [3][-]{subsubsection.3.8.1.4}{\376\377\0003\000.\0008\000.\0001\000.\0004\000\040\000m\000\137\0001\000\050\000\051}{subsection.3.8.1}% 41
\BOOKMARK [3][-]{subsubsection.3.8.1.5}{\376\377\0003\000.\0008\000.\0001\000.\0005\000\040\000m\000\137\0000\000\050\000\051}{subsection.3.8.1}% 42
\BOOKMARK [3][-]{subsubsection.3.8.1.6}{\376\377\0003\000.\0008\000.\0001\000.\0006\000\040\000o\000m\000e\000g\000a\000\050\000\051}{subsection.3.8.1}% 43
\BOOKMARK [3][-]{subsubsection.3.8.1.7}{\376\377\0003\000.\0008\000.\0001\000.\0007\000\040\000g\000a\000m\000m\000a\000\050\000\051}{subsection.3.8.1}% 44
\BOOKMARK [3][-]{subsubsection.3.8.1.8}{\376\377\0003\000.\0008\000.\0001\000.\0008\000\040\000e\000p\000s\000i\000l\000o\000n\000\050\000\051}{subsection.3.8.1}% 45
\BOOKMARK [3][-]{subsubsection.3.8.1.9}{\376\377\0003\000.\0008\000.\0001\000.\0009\000\040\000c\000\137\000S\000o\000l\000\050\000\051}{subsection.3.8.1}% 46
\BOOKMARK [3][-]{subsubsection.3.8.1.10}{\376\377\0003\000.\0008\000.\0001\000.\0001\0000\000\040\000c\000\137\000L\000i\000q\000\050\000\051}{subsection.3.8.1}% 47
\BOOKMARK [3][-]{subsubsection.3.8.1.11}{\376\377\0003\000.\0008\000.\0001\000.\0001\0001\000\040\000c\000\137\000e\000q\000\050\000\051}{subsection.3.8.1}% 48
\BOOKMARK [3][-]{subsubsection.3.8.1.12}{\376\377\0003\000.\0008\000.\0001\000.\0001\0002\000\040\000a\000n\000t\000i\000\137\000t\000r\000a\000p\000\050\000\051}{subsection.3.8.1}% 49
\BOOKMARK [3][-]{subsubsection.3.8.1.13}{\376\377\0003\000.\0008\000.\0001\000.\0001\0003\000\040\000d\000i\000f\000f\000\137\000S\000o\000l\000\050\000\051}{subsection.3.8.1}% 50
\BOOKMARK [3][-]{subsubsection.3.8.1.14}{\376\377\0003\000.\0008\000.\0001\000.\0001\0004\000\040\000d\000i\000f\000f\000\137\000L\000i\000q\000\050\000\051}{subsection.3.8.1}% 51
\BOOKMARK [3][-]{subsubsection.3.8.1.15}{\376\377\0003\000.\0008\000.\0001\000.\0001\0005\000\040\000G\000\050\000\051}{subsection.3.8.1}% 52
\BOOKMARK [3][-]{subsubsection.3.8.1.16}{\376\377\0003\000.\0008\000.\0001\000.\0001\0006\000\040\000v\000\050\000\051}{subsection.3.8.1}% 53
\BOOKMARK [3][-]{subsubsection.3.8.1.17}{\376\377\0003\000.\0008\000.\0001\000.\0001\0007\000\040\000d\000e\000l\000t\000a\000\137\0000\0001\000\050\000\051}{subsection.3.8.1}% 54
\BOOKMARK [3][-]{subsubsection.3.8.1.18}{\376\377\0003\000.\0008\000.\0001\000.\0001\0008\000\040\000A\000\050\000\051}{subsection.3.8.1}% 55
\BOOKMARK [3][-]{subsubsection.3.8.1.19}{\376\377\0003\000.\0008\000.\0001\000.\0001\0009\000\040\000T\0000\000\050\000\051}{subsection.3.8.1}% 56
\BOOKMARK [3][-]{subsubsection.3.8.1.20}{\376\377\0003\000.\0008\000.\0001\000.\0002\0000\000\040\000n\000o\000i\000s\000e\000\137\000m\000a\000g\000\050\000\051}{subsection.3.8.1}% 57
\BOOKMARK [3][-]{subsubsection.3.8.1.21}{\376\377\0003\000.\0008\000.\0001\000.\0002\0001\000\040\000i\000n\000i\000t\000i\000a\000l\000\050\000\051}{subsection.3.8.1}% 58
\BOOKMARK [2][-]{subsection.3.8.2}{\376\377\0003\000.\0008\000.\0002\000\040\000V\000a\000r\000i\000a\000b\000l\000e\000\040\000D\000o\000c\000u\000m\000e\000n\000t\000a\000t\000i\000o\000n}{section.3.8}% 59
\BOOKMARK [3][-]{subsubsection.3.8.2.1}{\376\377\0003\000.\0008\000.\0002\000.\0001\000\040\000p\000i}{subsection.3.8.2}% 60
\BOOKMARK [1][-]{section.3.9}{\376\377\0003\000.\0009\000\040\000P\000h\000a\000s\000e\000F\000i\000e\000l\000d\000S\000o\000l\000v\000e\000r\000D\000y\000n\000a\000m\000i\000c\000/\000p\000h\000a\000s\000e\000F\000i\000e\000l\000d\000S\000o\000l\000v\000e\000r\000D\000y\000n\000a\000m\000i\000c\000/\000w\000r\000i\000t\000e\000.\000H\000\040\000F\000i\000l\000e\000\040\000R\000e\000f\000e\000r\000e\000n\000c\000e}{chapter.3}% 61
\BOOKMARK [2][-]{subsection.3.9.1}{\376\377\0003\000.\0009\000.\0001\000\040\000F\000u\000n\000c\000t\000i\000o\000n\000\040\000D\000o\000c\000u\000m\000e\000n\000t\000a\000t\000i\000o\000n}{section.3.9}% 62
\BOOKMARK [3][-]{subsubsection.3.9.1.1}{\376\377\0003\000.\0009\000.\0001\000.\0001\000\040\000i\000f\000\050\000\051}{subsection.3.9.1}% 63
\BOOKMARK [0][-]{section*.25}{\376\377\000I\000n\000d\000e\000x}{}% 64
